[debug] [2022-07-13T20:37:55.037Z] ----------------------------------------------------------------------
[debug] [2022-07-13T20:37:55.040Z] Command:       C:\Program Files\nodejs\node.exe C:\Users\HP\AppData\Roaming\npm\node_modules\firebase-tools\lib\bin\firebase.js init
[debug] [2022-07-13T20:37:55.041Z] CLI Version:   11.2.2
[debug] [2022-07-13T20:37:55.042Z] Platform:      win32
[debug] [2022-07-13T20:37:55.042Z] Node Version:  v16.15.0
[debug] [2022-07-13T20:37:55.043Z] Time:          Thu Jul 14 2022 02:37:55 GMT+0600 (Bangladesh Standard Time)
[debug] [2022-07-13T20:37:55.043Z] ----------------------------------------------------------------------
[debug] 
[debug] [2022-07-13T20:37:55.052Z] > command requires scopes: ["email","openid","https://www.googleapis.com/auth/cloudplatformprojects.readonly","https://www.googleapis.com/auth/firebase","https://www.googleapis.com/auth/cloud-platform"]
[debug] [2022-07-13T20:37:55.053Z] > authorizing via signed-in user (shahinurislam30101999@gmail.com)
[info] 
     ######## #### ########  ######## ########     ###     ######  ########
     ##        ##  ##     ## ##       ##     ##  ##   ##  ##       ##
     ######    ##  ########  ######   ########  #########  ######  ######
     ##        ##  ##    ##  ##       ##     ## ##     ##       ## ##
     ##       #### ##     ## ######## ########  ##     ##  ######  ########

You're about to initialize a Firebase project in this directory:

  G:\React Mestery\newsapp

[info] 
=== Project Setup
[info] 
[info] First, let's associate this project directory with a Firebase project.
[info] You can create multiple project aliases by running firebase use --add, 
[info] but for now we'll just set up a default project.
[info] 
[debug] [2022-07-13T20:38:33.491Z] >>> [apiv2][query] GET https://firebase.googleapis.com/v1beta1/projects pageSize=100
[debug] [2022-07-13T20:38:34.472Z] <<< [apiv2][status] GET https://firebase.googleapis.com/v1beta1/projects 200
[debug] [2022-07-13T20:38:34.472Z] <<< [apiv2][body] GET https://firebase.googleapis.com/v1beta1/projects [omitted]
[info] i  Using project news-bulk (News-Bulk) 
[info] 
=== Hosting Setup
[info] 
[info] Your public directory is the folder (relative to your project directory) that
[info] will contain Hosting assets to be uploaded with firebase deploy. If you
[info] have a build process for your assets, use your build's output directory.
[info] 
